<?xml version="1.0" encoding="utf-8"?><testsuites name="pytest tests"><testsuite name="pytest" errors="0" failures="0" skipped="0" tests="33" time="48.881" timestamp="2026-05-09T17:40:44.472010+00:00" hostname="agent-env-2acec6ed-943e-4360-be9f-86b03cb71304"><testcase classname="backend.tests.backend_test" name="test_01_super_admin_login" time="0.447" /><testcase classname="backend.tests.backend_test" name="test_02_auth_me_super_admin" time="0.112" /><testcase classname="backend.tests.backend_test" name="test_03_create_employer_tenant1" time="0.348" /><testcase classname="backend.tests.backend_test" name="test_04_create_employer_tenant2" time="0.353" /><testcase classname="backend.tests.backend_test" name="test_05_list_employers" time="0.132" /><testcase classname="backend.tests.backend_test" name="test_06_login_employer_tenant1" time="0.450" /><testcase classname="backend.tests.backend_test" name="test_07_login_employer_tenant2" time="0.457" /><testcase classname="backend.tests.backend_test" name="test_08_get_tenant_settings_default" time="0.144" /><testcase classname="backend.tests.backend_test" name="test_09_update_tenant_settings" time="0.166" /><testcase classname="backend.tests.backend_test" name="test_10_create_employee_t1" time="0.333" /><testcase classname="backend.tests.backend_test" name="test_11_list_employees_t1" time="0.120" /><testcase classname="backend.tests.backend_test" name="test_12_cross_tenant_isolation" time="0.207" /><testcase classname="backend.tests.backend_test" name="test_13_login_employee" time="0.451" /><testcase classname="backend.tests.backend_test" name="test_14_attendance_check_in" time="0.116" /><testcase classname="backend.tests.backend_test" name="test_15_attendance_second_check_in_fails" time="0.122" /><testcase classname="backend.tests.backend_test" name="test_16_attendance_check_out" time="0.107" /><testcase classname="backend.tests.backend_test" name="test_17_geo_fence_enforcement" time="1.277" /><testcase classname="backend.tests.backend_test" name="test_18_leave_balances" time="0.101" /><testcase classname="backend.tests.backend_test" name="test_19_leave_apply" time="0.257" /><testcase classname="backend.tests.backend_test" name="test_20_leave_list_employer_sees_pending" time="0.105" /><testcase classname="backend.tests.backend_test" name="test_21_leave_list_employee_only_own" time="0.104" /><testcase classname="backend.tests.backend_test" name="test_22_leave_decision_approve" time="0.354" /><testcase classname="backend.tests.backend_test" name="test_23_payroll_generate" time="0.110" /><testcase classname="backend.tests.backend_test" name="test_24_payroll_run_and_items" time="39.439" /><testcase classname="backend.tests.backend_test" name="test_25_payroll_approve" time="0.129" /><testcase classname="backend.tests.backend_test" name="test_26_payroll_disburse_cash" time="0.214" /><testcase classname="backend.tests.backend_test" name="test_27_slip_pdf_employer" time="1.190" /><testcase classname="backend.tests.backend_test" name="test_28_slip_employee_own_ok" time="0.109" /><testcase classname="backend.tests.backend_test" name="test_29_slip_other_tenant_403" time="0.103" /><testcase classname="backend.tests.backend_test" name="test_30_slip_other_employee_same_tenant_403" time="0.912" /><testcase classname="backend.tests.backend_test" name="test_31_my_payslips_employee" time="0.104" /><testcase classname="backend.tests.backend_test" name="test_32_26day_calc_correct" time="0.103" /><testcase classname="backend.tests.backend_test" name="test_33_indian_fmt_via_pdf_present" time="0.122" /></testsuite></testsuites>