<?xml version="1.0" encoding="utf-8"?><testsuites name="pytest tests"><testsuite name="pytest" errors="0" failures="0" skipped="0" tests="67" time="88.974" timestamp="2026-05-16T17:30:41.980973+00:00" hostname="agent-env-2acec6ed-943e-4360-be9f-86b03cb71304"><testcase classname="backend.tests.backend_test" name="test_01_super_admin_login" time="0.478" /><testcase classname="backend.tests.backend_test" name="test_02_auth_me_super_admin" time="0.106" /><testcase classname="backend.tests.backend_test" name="test_03_create_employer_tenant1" time="0.333" /><testcase classname="backend.tests.backend_test" name="test_04_create_employer_tenant2" time="0.338" /><testcase classname="backend.tests.backend_test" name="test_05_list_employers" time="0.121" /><testcase classname="backend.tests.backend_test" name="test_06_login_employer_tenant1" time="0.441" /><testcase classname="backend.tests.backend_test" name="test_07_login_employer_tenant2" time="0.445" /><testcase classname="backend.tests.backend_test" name="test_08_get_tenant_settings_default" time="0.109" /><testcase classname="backend.tests.backend_test" name="test_09_update_tenant_settings" time="0.121" /><testcase classname="backend.tests.backend_test" name="test_10_create_employee_t1" time="0.339" /><testcase classname="backend.tests.backend_test" name="test_11_list_employees_t1" time="0.102" /><testcase classname="backend.tests.backend_test" name="test_12_cross_tenant_isolation" time="0.224" /><testcase classname="backend.tests.backend_test" name="test_13_login_employee" time="0.438" /><testcase classname="backend.tests.backend_test" name="test_14_attendance_check_in" time="0.105" /><testcase classname="backend.tests.backend_test" name="test_15_attendance_second_check_in_fails" time="0.106" /><testcase classname="backend.tests.backend_test" name="test_16_attendance_check_out" time="0.117" /><testcase classname="backend.tests.backend_test" name="test_17_geo_fence_enforcement" time="1.269" /><testcase classname="backend.tests.backend_test" name="test_18_leave_balances" time="0.107" /><testcase classname="backend.tests.backend_test" name="test_19_leave_apply" time="0.205" /><testcase classname="backend.tests.backend_test" name="test_20_leave_list_employer_sees_pending" time="0.127" /><testcase classname="backend.tests.backend_test" name="test_21_leave_list_employee_only_own" time="0.103" /><testcase classname="backend.tests.backend_test" name="test_22_leave_decision_approve" time="0.310" /><testcase classname="backend.tests.backend_test" name="test_23_payroll_generate" time="0.101" /><testcase classname="backend.tests.backend_test" name="test_24_payroll_run_and_items" time="0.207" /><testcase classname="backend.tests.backend_test" name="test_25_payroll_approve" time="0.107" /><testcase classname="backend.tests.backend_test" name="test_26_payroll_disburse_cash" time="0.275" /><testcase classname="backend.tests.backend_test" name="test_27_slip_pdf_employer" time="0.172" /><testcase classname="backend.tests.backend_test" name="test_28_slip_employee_own_ok" time="0.183" /><testcase classname="backend.tests.backend_test" name="test_29_slip_other_tenant_403" time="0.158" /><testcase classname="backend.tests.backend_test" name="test_30_slip_other_employee_same_tenant_403" time="1.111" /><testcase classname="backend.tests.backend_test" name="test_31_my_payslips_employee" time="0.158" /><testcase classname="backend.tests.backend_test" name="test_32_26day_calc_correct" time="0.173" /><testcase classname="backend.tests.backend_test" name="test_33_indian_fmt_via_pdf_present" time="0.106" /><testcase classname="backend.tests.test_signup_flow" name="test_001_employers_public_no_auth" time="0.111" /><testcase classname="backend.tests.test_signup_flow" name="test_002_employer_login" time="0.465" /><testcase classname="backend.tests.test_signup_flow" name="test_003_signup_consent_false_returns_400" time="0.343" /><testcase classname="backend.tests.test_signup_flow" name="test_004_signup_missing_captcha_returns_400" time="0.155" /><testcase classname="backend.tests.test_signup_flow" name="test_005_signup_invalid_tenant_returns_404" time="0.316" /><testcase classname="backend.tests.test_signup_flow" name="test_006_signup_success_creates_pending" time="0.569" /><testcase classname="backend.tests.test_signup_flow" name="test_007_login_pending_returns_403" time="0.561" /><testcase classname="backend.tests.test_signup_flow" name="test_008_signup_duplicate_email_returns_400" time="0.321" /><testcase classname="backend.tests.test_signup_flow" name="test_009_pending_list_employer_only" time="0.170" /><testcase classname="backend.tests.test_signup_flow" name="test_010_pending_list_admin_forbidden" time="0.719" /><testcase classname="backend.tests.test_signup_flow" name="test_011_pending_not_in_main_employees_list" time="0.171" /><testcase classname="backend.tests.test_signup_flow" name="test_012_approve_signup_success" time="0.173" /><testcase classname="backend.tests.test_signup_flow" name="test_013_login_after_approval_works" time="0.575" /><testcase classname="backend.tests.test_signup_flow" name="test_014_approved_appears_in_employees_list" time="0.161" /><testcase classname="backend.tests.test_signup_flow" name="test_015_reject_signup_purges_user" time="1.237" /><testcase classname="backend.tests.test_signup_flow" name="test_016_emp_code_clash_on_approve_returns_400" time="1.085" /><testcase classname="backend.tests.test_accountant_payroll" name="test_01_setup_admin" time="0.547" /><testcase classname="backend.tests.test_accountant_payroll" name="test_02_create_tenant" time="0.390" /><testcase classname="backend.tests.test_accountant_payroll" name="test_03_login_employer" time="0.568" /><testcase classname="backend.tests.test_accountant_payroll" name="test_04_create_accountant_employee" time="0.396" /><testcase classname="backend.tests.test_accountant_payroll" name="test_05_create_plain_employee" time="0.389" /><testcase classname="backend.tests.test_accountant_payroll" name="test_06_login_accountant" time="0.557" /><testcase classname="backend.tests.test_accountant_payroll" name="test_07_login_plain" time="68.582" /><testcase classname="backend.tests.test_accountant_payroll" name="test_08_accountant_list_runs_200" time="0.175" /><testcase classname="backend.tests.test_accountant_payroll" name="test_09_employer_list_runs_200" time="0.115" /><testcase classname="backend.tests.test_accountant_payroll" name="test_10_super_admin_list_runs_400" time="0.128" /><testcase classname="backend.tests.test_accountant_payroll" name="test_11_plain_employee_list_runs_403" time="0.109" /><testcase classname="backend.tests.test_accountant_payroll" name="test_12_accountant_generate_payroll" time="0.114" /><testcase classname="backend.tests.test_accountant_payroll" name="test_13_accountant_get_run_detail" time="0.107" /><testcase classname="backend.tests.test_accountant_payroll" name="test_14_accountant_edit_deductions" time="0.207" /><testcase classname="backend.tests.test_accountant_payroll" name="test_15_plain_cannot_edit_deductions" time="0.109" /><testcase classname="backend.tests.test_accountant_payroll" name="test_16_accountant_submit_for_approval" time="0.210" /><testcase classname="backend.tests.test_accountant_payroll" name="test_17_plain_cannot_submit" time="0.127" /><testcase classname="backend.tests.test_accountant_payroll" name="test_18_unauth_runs" time="0.108" /></testsuite></testsuites>