<?xml version="1.0" encoding="utf-8"?><testsuites name="pytest tests"><testsuite name="pytest" errors="0" failures="0" skipped="0" tests="16" time="5.785" timestamp="2026-05-09T17:40:25.985636+00:00" hostname="agent-env-2acec6ed-943e-4360-be9f-86b03cb71304"><testcase classname="backend.tests.test_signup_flow" name="test_001_employers_public_no_auth" time="0.118" /><testcase classname="backend.tests.test_signup_flow" name="test_002_employer_login" time="0.439" /><testcase classname="backend.tests.test_signup_flow" name="test_003_signup_consent_false_returns_400" time="0.208" /><testcase classname="backend.tests.test_signup_flow" name="test_004_signup_missing_captcha_returns_400" time="0.110" /><testcase classname="backend.tests.test_signup_flow" name="test_005_signup_invalid_tenant_returns_404" time="0.212" /><testcase classname="backend.tests.test_signup_flow" name="test_006_signup_success_creates_pending" time="0.431" /><testcase classname="backend.tests.test_signup_flow" name="test_007_login_pending_returns_403" time="0.455" /><testcase classname="backend.tests.test_signup_flow" name="test_008_signup_duplicate_email_returns_400" time="0.202" /><testcase classname="backend.tests.test_signup_flow" name="test_009_pending_list_employer_only" time="0.112" /><testcase classname="backend.tests.test_signup_flow" name="test_010_pending_list_admin_forbidden" time="0.543" /><testcase classname="backend.tests.test_signup_flow" name="test_011_pending_not_in_main_employees_list" time="0.116" /><testcase classname="backend.tests.test_signup_flow" name="test_012_approve_signup_success" time="0.112" /><testcase classname="backend.tests.test_signup_flow" name="test_013_login_after_approval_works" time="0.468" /><testcase classname="backend.tests.test_signup_flow" name="test_014_approved_appears_in_employees_list" time="0.117" /><testcase classname="backend.tests.test_signup_flow" name="test_015_reject_signup_purges_user" time="0.871" /><testcase classname="backend.tests.test_signup_flow" name="test_016_emp_code_clash_on_approve_returns_400" time="1.178" /></testsuite></testsuites>